[0.012s] Invoking command in '/home/luan/dev_ws/build/my_package': CMAKE_PREFIX_PATH=${CMAKE_PREFIX_PATH}:/opt/ros/jazzy DEBUGINFOD_URLS=https://debuginfod.ubuntu.com /usr/bin/cmake /home/luan/dev_ws/src/my_package -DAMENT_CMAKE_SYMLINK_INSTALL=1 -DCMAKE_INSTALL_PREFIX=/home/luan/dev_ws/install/my_package
[0.187s] -- The C compiler identification is GNU 13.2.0
[0.410s] -- The CXX compiler identification is GNU 13.2.0
[0.446s] -- Detecting C compiler ABI info
[0.576s] -- Detecting C compiler ABI info - done
[0.585s] -- Check for working C compiler: /usr/bin/cc - skipped
[0.586s] -- Detecting C compile features
[0.587s] -- Detecting C compile features - done
[0.601s] -- Detecting CXX compiler ABI info
[0.744s] -- Detecting CXX compiler ABI info - done
[0.750s] -- Check for working CXX compiler: /usr/bin/c++ - skipped
[0.750s] -- Detecting CXX compile features
[0.751s] -- Detecting CXX compile features - done
[0.766s] -- Found ament_cmake: 2.5.2 (/opt/ros/jazzy/share/ament_cmake/cmake)
[0.926s] -- Found Python3: /usr/bin/python3 (found version "3.12.3") found components: Interpreter 
[1.030s] -- Override CMake install command with custom implementation using symlinks instead of copying resources
[1.088s] -- Found ament_lint_auto: 0.17.1 (/opt/ros/jazzy/share/ament_lint_auto/cmake)
[1.212s] -- Added test 'flake8' to check Python code syntax and style conventions
[1.213s] -- Configured 'flake8' exclude dirs and/or files: 
[1.216s] -- Added test 'lint_cmake' to check CMake code style
[1.217s] -- Added test 'pep257' to check Python code against some of the docstring style conventions in PEP 257
[1.221s] -- Added test 'xmllint' to check XML markup files
[1.224s] -- Configuring done (1.2s)
[1.228s] -- Generating done (0.0s)
[1.230s] -- Build files have been written to: /home/luan/dev_ws/build/my_package
[1.236s] Invoked command in '/home/luan/dev_ws/build/my_package' returned '0': CMAKE_PREFIX_PATH=${CMAKE_PREFIX_PATH}:/opt/ros/jazzy DEBUGINFOD_URLS=https://debuginfod.ubuntu.com /usr/bin/cmake /home/luan/dev_ws/src/my_package -DAMENT_CMAKE_SYMLINK_INSTALL=1 -DCMAKE_INSTALL_PREFIX=/home/luan/dev_ws/install/my_package
[1.237s] Invoking command in '/home/luan/dev_ws/build/my_package': CMAKE_PREFIX_PATH=${CMAKE_PREFIX_PATH}:/opt/ros/jazzy DEBUGINFOD_URLS=https://debuginfod.ubuntu.com /usr/bin/cmake --build /home/luan/dev_ws/build/my_package -- -j2 -l2
[1.301s] Invoked command in '/home/luan/dev_ws/build/my_package' returned '0': CMAKE_PREFIX_PATH=${CMAKE_PREFIX_PATH}:/opt/ros/jazzy DEBUGINFOD_URLS=https://debuginfod.ubuntu.com /usr/bin/cmake --build /home/luan/dev_ws/build/my_package -- -j2 -l2
[1.358s] Invoking command in '/home/luan/dev_ws/build/my_package': CMAKE_PREFIX_PATH=${CMAKE_PREFIX_PATH}:/opt/ros/jazzy DEBUGINFOD_URLS=https://debuginfod.ubuntu.com /usr/bin/cmake --install /home/luan/dev_ws/build/my_package
[1.370s] -- Install configuration: ""
[1.370s] -- Execute custom install script
[1.370s] -- Symlinking: /home/luan/dev_ws/install/my_package/share/my_package/launch/listener.launch.py
[1.381s] -- Symlinking: /home/luan/dev_ws/install/my_package/share/my_package/launch/talker.launch.py
[1.392s] -- Symlinking: /home/luan/dev_ws/install/my_package/share/ament_index/resource_index/package_run_dependencies/my_package
[1.405s] -- Symlinking: /home/luan/dev_ws/install/my_package/share/ament_index/resource_index/parent_prefix_path/my_package
[1.419s] -- Symlinking: /home/luan/dev_ws/install/my_package/share/my_package/environment/ament_prefix_path.sh
[1.431s] -- Symlinking: /home/luan/dev_ws/install/my_package/share/my_package/environment/ament_prefix_path.dsv
[1.443s] -- Symlinking: /home/luan/dev_ws/install/my_package/share/my_package/environment/path.sh
[1.456s] -- Symlinking: /home/luan/dev_ws/install/my_package/share/my_package/environment/path.dsv
[1.467s] -- Symlinking: /home/luan/dev_ws/install/my_package/share/my_package/local_setup.bash
[1.479s] -- Symlinking: /home/luan/dev_ws/install/my_package/share/my_package/local_setup.sh
[1.491s] -- Symlinking: /home/luan/dev_ws/install/my_package/share/my_package/local_setup.zsh
[1.503s] -- Symlinking: /home/luan/dev_ws/install/my_package/share/my_package/local_setup.dsv
[1.519s] -- Symlinking: /home/luan/dev_ws/install/my_package/share/my_package/package.dsv
[1.532s] -- Symlinking: /home/luan/dev_ws/install/my_package/share/ament_index/resource_index/packages/my_package
[1.545s] -- Symlinking: /home/luan/dev_ws/install/my_package/share/my_package/cmake/my_packageConfig.cmake
[1.560s] -- Symlinking: /home/luan/dev_ws/install/my_package/share/my_package/cmake/my_packageConfig-version.cmake
[1.574s] -- Symlinking: /home/luan/dev_ws/install/my_package/share/my_package/package.xml
[1.587s] Invoked command in '/home/luan/dev_ws/build/my_package' returned '0': CMAKE_PREFIX_PATH=${CMAKE_PREFIX_PATH}:/opt/ros/jazzy DEBUGINFOD_URLS=https://debuginfod.ubuntu.com /usr/bin/cmake --install /home/luan/dev_ws/build/my_package
